c:\users\yannick\desktop\tron-retake\trongame\x64\release\vc143.pdb
c:\users\yannick\desktop\tron-retake\trongame\x64\release\trongame.obj
c:\users\yannick\desktop\tron-retake\trongame\x64\release\tankcomponent.obj
c:\users\yannick\desktop\tron-retake\trongame\x64\release\skiplevelbutton.obj
c:\users\yannick\desktop\tron-retake\trongame\x64\release\scorecomponent.obj
c:\users\yannick\desktop\tron-retake\trongame\x64\release\prefabs.obj
c:\users\yannick\desktop\tron-retake\trongame\x64\release\playercontrollercomponent.obj
c:\users\yannick\desktop\tron-retake\trongame\x64\release\movementcomponent.obj
c:\users\yannick\desktop\tron-retake\trongame\x64\release\highscore.obj
c:\users\yannick\desktop\tron-retake\trongame\x64\release\healthcomponent.obj
c:\users\yannick\desktop\tron-retake\trongame\x64\release\gamemodebutton.obj
c:\users\yannick\desktop\tron-retake\trongame\x64\release\gamemanager.obj
c:\users\yannick\desktop\tron-retake\trongame\x64\release\enemycontroller.obj
c:\users\yannick\desktop\tron-retake\trongame\x64\release\bullet.obj
c:\users\yannick\desktop\tron-retake\trongame\x64\release\trongame.ipdb
c:\users\yannick\desktop\tron-retake\trongame\x64\release\trongame.iobj
c:\users\yannick\desktop\tron-retake\x64\release\trongame.pdb
c:\users\yannick\desktop\tron-retake\x64\release\trongame.exe
c:\users\yannick\desktop\tron-retake\trongame\x64\release\trongame.tlog\cl.command.1.tlog
c:\users\yannick\desktop\tron-retake\trongame\x64\release\trongame.tlog\cl.read.1.tlog
c:\users\yannick\desktop\tron-retake\trongame\x64\release\trongame.tlog\cl.write.1.tlog
c:\users\yannick\desktop\tron-retake\trongame\x64\release\trongame.tlog\link.command.1.tlog
c:\users\yannick\desktop\tron-retake\trongame\x64\release\trongame.tlog\link.read.1.tlog
c:\users\yannick\desktop\tron-retake\trongame\x64\release\trongame.tlog\link.write.1.tlog
