c:\users\yannick\desktop\tron-retake\trongame\x64\debug\vc143.pdb
c:\users\yannick\desktop\tron-retake\trongame\x64\debug\vc143.idb
c:\users\yannick\desktop\tron-retake\trongame\x64\debug\trongame.obj
c:\users\yannick\desktop\tron-retake\trongame\x64\debug\tankcomponent.obj
c:\users\yannick\desktop\tron-retake\trongame\x64\debug\skiplevelbutton.obj
c:\users\yannick\desktop\tron-retake\trongame\x64\debug\scorecomponent.obj
c:\users\yannick\desktop\tron-retake\trongame\x64\debug\prefabs.obj
c:\users\yannick\desktop\tron-retake\trongame\x64\debug\playercontrollercomponent.obj
c:\users\yannick\desktop\tron-retake\trongame\x64\debug\movementcomponent.obj
c:\users\yannick\desktop\tron-retake\trongame\x64\debug\highscore.obj
c:\users\yannick\desktop\tron-retake\trongame\x64\debug\healthcomponent.obj
c:\users\yannick\desktop\tron-retake\trongame\x64\debug\gamemodebutton.obj
c:\users\yannick\desktop\tron-retake\trongame\x64\debug\gamemanager.obj
c:\users\yannick\desktop\tron-retake\trongame\x64\debug\enemycontroller.obj
c:\users\yannick\desktop\tron-retake\trongame\x64\debug\bullet.obj
c:\users\yannick\desktop\tron-retake\x64\debug\trongame.exe
c:\users\yannick\desktop\tron-retake\trongame\x64\debug\trongame.ilk
c:\users\yannick\desktop\tron-retake\x64\debug\trongame.pdb
c:\users\yannick\desktop\tron-retake\trongame\x64\debug\trongame.tlog\cl.command.1.tlog
c:\users\yannick\desktop\tron-retake\trongame\x64\debug\trongame.tlog\cl.read.1.tlog
c:\users\yannick\desktop\tron-retake\trongame\x64\debug\trongame.tlog\cl.write.1.tlog
c:\users\yannick\desktop\tron-retake\trongame\x64\debug\trongame.tlog\link.command.1.tlog
c:\users\yannick\desktop\tron-retake\trongame\x64\debug\trongame.tlog\link.read.1.tlog
c:\users\yannick\desktop\tron-retake\trongame\x64\debug\trongame.tlog\link.write.1.tlog
