c:\users\yannick\desktop\tron-retake\minigin\x64\release\minigin.pch
c:\users\yannick\desktop\tron-retake\x64\release\minigin.pdb
c:\users\yannick\desktop\tron-retake\minigin\x64\release\miniginpch.obj
c:\users\yannick\desktop\tron-retake\minigin\x64\release\soundservicelocator.obj
c:\users\yannick\desktop\tron-retake\minigin\x64\release\scenemanager.obj
c:\users\yannick\desktop\tron-retake\minigin\x64\release\scene.obj
c:\users\yannick\desktop\tron-retake\minigin\x64\release\resourcemanager.obj
c:\users\yannick\desktop\tron-retake\minigin\x64\release\renderer.obj
c:\users\yannick\desktop\tron-retake\minigin\x64\release\rendercomponent.obj
c:\users\yannick\desktop\tron-retake\minigin\x64\release\minigin.obj
c:\users\yannick\desktop\tron-retake\minigin\x64\release\inputmanager.obj
c:\users\yannick\desktop\tron-retake\minigin\x64\release\gametime.obj
c:\users\yannick\desktop\tron-retake\minigin\x64\release\gameobject.obj
c:\users\yannick\desktop\tron-retake\minigin\x64\release\fpscomponent.obj
c:\users\yannick\desktop\tron-retake\minigin\x64\release\font.obj
c:\users\yannick\desktop\tron-retake\minigin\x64\release\controller.obj
c:\users\yannick\desktop\tron-retake\minigin\x64\release\command.obj
c:\users\yannick\desktop\tron-retake\minigin\x64\release\boxcollider2d.obj
c:\users\yannick\desktop\tron-retake\minigin\x64\release\audiolibrary.obj
c:\users\yannick\desktop\tron-retake\minigin\x64\release\soundclip.obj
c:\users\yannick\desktop\tron-retake\minigin\x64\release\rigidbody2d.obj
c:\users\yannick\desktop\tron-retake\minigin\x64\release\physicsmanager.obj
c:\users\yannick\desktop\tron-retake\minigin\x64\release\jsonfilereader.obj
c:\users\yannick\desktop\tron-retake\minigin\x64\release\uimanager.obj
c:\users\yannick\desktop\tron-retake\minigin\x64\release\uibutton.obj
c:\users\yannick\desktop\tron-retake\minigin\x64\release\transform.obj
c:\users\yannick\desktop\tron-retake\minigin\x64\release\texture2d.obj
c:\users\yannick\desktop\tron-retake\minigin\x64\release\textcomponent.obj
c:\users\yannick\desktop\tron-retake\minigin\x64\release\subject.obj
c:\users\yannick\desktop\tron-retake\minigin\x64\release\spritecomponent.obj
c:\users\yannick\desktop\tron-retake\minigin\x64\release\soundsystem.obj
c:\users\yannick\desktop\tron-retake\x64\release\minigin.lib
c:\users\yannick\desktop\tron-retake\minigin\x64\release\minigin.tlog\cl.command.1.tlog
c:\users\yannick\desktop\tron-retake\minigin\x64\release\minigin.tlog\cl.read.1.tlog
c:\users\yannick\desktop\tron-retake\minigin\x64\release\minigin.tlog\cl.write.1.tlog
c:\users\yannick\desktop\tron-retake\minigin\x64\release\minigin.tlog\lib-link.read.1.tlog
c:\users\yannick\desktop\tron-retake\minigin\x64\release\minigin.tlog\lib-link.write.1.tlog
c:\users\yannick\desktop\tron-retake\minigin\x64\release\minigin.tlog\lib.command.1.tlog
