c:\users\yannick\desktop\tron-retake\minigin\x64\debug\minigin.pch
c:\users\yannick\desktop\tron-retake\x64\debug\minigin.pdb
c:\users\yannick\desktop\tron-retake\x64\debug\minigin.idb
c:\users\yannick\desktop\tron-retake\minigin\x64\debug\miniginpch.obj
c:\users\yannick\desktop\tron-retake\minigin\x64\debug\soundservicelocator.obj
c:\users\yannick\desktop\tron-retake\minigin\x64\debug\scenemanager.obj
c:\users\yannick\desktop\tron-retake\minigin\x64\debug\scene.obj
c:\users\yannick\desktop\tron-retake\minigin\x64\debug\resourcemanager.obj
c:\users\yannick\desktop\tron-retake\minigin\x64\debug\renderer.obj
c:\users\yannick\desktop\tron-retake\minigin\x64\debug\rendercomponent.obj
c:\users\yannick\desktop\tron-retake\minigin\x64\debug\minigin.obj
c:\users\yannick\desktop\tron-retake\minigin\x64\debug\inputmanager.obj
c:\users\yannick\desktop\tron-retake\minigin\x64\debug\gametime.obj
c:\users\yannick\desktop\tron-retake\minigin\x64\debug\gameobject.obj
c:\users\yannick\desktop\tron-retake\minigin\x64\debug\fpscomponent.obj
c:\users\yannick\desktop\tron-retake\minigin\x64\debug\font.obj
c:\users\yannick\desktop\tron-retake\minigin\x64\debug\controller.obj
c:\users\yannick\desktop\tron-retake\minigin\x64\debug\command.obj
c:\users\yannick\desktop\tron-retake\minigin\x64\debug\boxcollider2d.obj
c:\users\yannick\desktop\tron-retake\minigin\x64\debug\audiolibrary.obj
c:\users\yannick\desktop\tron-retake\minigin\x64\debug\soundclip.obj
c:\users\yannick\desktop\tron-retake\minigin\x64\debug\rigidbody2d.obj
c:\users\yannick\desktop\tron-retake\minigin\x64\debug\physicsmanager.obj
c:\users\yannick\desktop\tron-retake\minigin\x64\debug\jsonfilereader.obj
c:\users\yannick\desktop\tron-retake\minigin\x64\debug\uimanager.obj
c:\users\yannick\desktop\tron-retake\minigin\x64\debug\uibutton.obj
c:\users\yannick\desktop\tron-retake\minigin\x64\debug\transform.obj
c:\users\yannick\desktop\tron-retake\minigin\x64\debug\texture2d.obj
c:\users\yannick\desktop\tron-retake\minigin\x64\debug\textcomponent.obj
c:\users\yannick\desktop\tron-retake\minigin\x64\debug\subject.obj
c:\users\yannick\desktop\tron-retake\minigin\x64\debug\spritecomponent.obj
c:\users\yannick\desktop\tron-retake\minigin\x64\debug\soundsystem.obj
c:\users\yannick\desktop\tron-retake\x64\debug\minigin.lib
c:\users\yannick\desktop\tron-retake\minigin\x64\debug\minigin.tlog\cl.command.1.tlog
c:\users\yannick\desktop\tron-retake\minigin\x64\debug\minigin.tlog\cl.read.1.tlog
c:\users\yannick\desktop\tron-retake\minigin\x64\debug\minigin.tlog\cl.write.1.tlog
c:\users\yannick\desktop\tron-retake\minigin\x64\debug\minigin.tlog\lib-link.read.1.tlog
c:\users\yannick\desktop\tron-retake\minigin\x64\debug\minigin.tlog\lib-link.write.1.tlog
c:\users\yannick\desktop\tron-retake\minigin\x64\debug\minigin.tlog\lib.command.1.tlog
