c:\users\yannick\desktop\tron-retake\minigin\win32\debug\minigin.pch
c:\users\yannick\desktop\tron-retake\win32\debug\minigin.pdb
c:\users\yannick\desktop\tron-retake\win32\debug\minigin.idb
c:\users\yannick\desktop\tron-retake\minigin\win32\debug\miniginpch.obj
c:\users\yannick\desktop\tron-retake\minigin\win32\debug\soundservicelocator.obj
c:\users\yannick\desktop\tron-retake\minigin\win32\debug\scenemanager.obj
c:\users\yannick\desktop\tron-retake\minigin\win32\debug\scene.obj
c:\users\yannick\desktop\tron-retake\minigin\win32\debug\resourcemanager.obj
c:\users\yannick\desktop\tron-retake\minigin\win32\debug\renderer.obj
c:\users\yannick\desktop\tron-retake\minigin\win32\debug\rendercomponent.obj
c:\users\yannick\desktop\tron-retake\minigin\win32\debug\minigin.obj
c:\users\yannick\desktop\tron-retake\minigin\win32\debug\inputmanager.obj
c:\users\yannick\desktop\tron-retake\minigin\win32\debug\gametime.obj
c:\users\yannick\desktop\tron-retake\minigin\win32\debug\gameobject.obj
c:\users\yannick\desktop\tron-retake\minigin\win32\debug\fpscomponent.obj
c:\users\yannick\desktop\tron-retake\minigin\win32\debug\font.obj
c:\users\yannick\desktop\tron-retake\minigin\win32\debug\controller.obj
c:\users\yannick\desktop\tron-retake\minigin\win32\debug\command.obj
c:\users\yannick\desktop\tron-retake\minigin\win32\debug\boxcollider2d.obj
c:\users\yannick\desktop\tron-retake\minigin\win32\debug\audiolibrary.obj
c:\users\yannick\desktop\tron-retake\minigin\win32\debug\soundclip.obj
c:\users\yannick\desktop\tron-retake\minigin\win32\debug\rigidbody2d.obj
c:\users\yannick\desktop\tron-retake\minigin\win32\debug\physicsmanager.obj
c:\users\yannick\desktop\tron-retake\minigin\win32\debug\jsonfilereader.obj
c:\users\yannick\desktop\tron-retake\minigin\win32\debug\uimanager.obj
c:\users\yannick\desktop\tron-retake\minigin\win32\debug\uibutton.obj
c:\users\yannick\desktop\tron-retake\minigin\win32\debug\transform.obj
c:\users\yannick\desktop\tron-retake\minigin\win32\debug\texture2d.obj
c:\users\yannick\desktop\tron-retake\minigin\win32\debug\textcomponent.obj
c:\users\yannick\desktop\tron-retake\minigin\win32\debug\subject.obj
c:\users\yannick\desktop\tron-retake\minigin\win32\debug\spritecomponent.obj
c:\users\yannick\desktop\tron-retake\minigin\win32\debug\soundsystem.obj
c:\users\yannick\desktop\tron-retake\win32\debug\minigin.lib
c:\users\yannick\desktop\tron-retake\minigin\win32\debug\minigin.tlog\cl.command.1.tlog
c:\users\yannick\desktop\tron-retake\minigin\win32\debug\minigin.tlog\cl.read.1.tlog
c:\users\yannick\desktop\tron-retake\minigin\win32\debug\minigin.tlog\cl.write.1.tlog
c:\users\yannick\desktop\tron-retake\minigin\win32\debug\minigin.tlog\lib-link.read.1.tlog
c:\users\yannick\desktop\tron-retake\minigin\win32\debug\minigin.tlog\lib-link.write.1.tlog
c:\users\yannick\desktop\tron-retake\minigin\win32\debug\minigin.tlog\lib.command.1.tlog
