  MiniginPCH.cpp
  JsonFileReader.cpp
  PhysicsManager.cpp
  RigidBody2D.cpp
  SoundClip.cpp
  AudioLibrary.cpp
  BoxCollider2D.cpp
  Command.cpp
  Controller.cpp
  Font.cpp
  FPSComponent.cpp
  GameObject.cpp
  GameTime.cpp
  InputManager.cpp
  Minigin.cpp
  RenderComponent.cpp
  Renderer.cpp
  ResourceManager.cpp
  Scene.cpp
  SceneManager.cpp
  SoundServiceLocator.cpp
  Generating Code...
  Compiling...
  SoundSystem.cpp
  SpriteComponent.cpp
  Subject.cpp
  TextComponent.cpp
  Texture2D.cpp
  Transform.cpp
  UIButton.cpp
  UiManager.cpp
  Generating Code...
  Minigin.vcxproj -> C:\Users\Yannick\Desktop\Tron-Retake\Win32\Debug\Minigin.lib
  C:\Users\Yannick\Desktop\Tron-Retake\3rdParty\SDL2\lib\x86\SDL2.dll
  1 File(s) copied
  C:\Users\Yannick\Desktop\Tron-Retake\3rdParty\SDL2_image\lib\x86\libjpeg-9.dll
  C:\Users\Yannick\Desktop\Tron-Retake\3rdParty\SDL2_image\lib\x86\libpng16-16.dll
  C:\Users\Yannick\Desktop\Tron-Retake\3rdParty\SDL2_image\lib\x86\libtiff-5.dll
  C:\Users\Yannick\Desktop\Tron-Retake\3rdParty\SDL2_image\lib\x86\libwebp-7.dll
  C:\Users\Yannick\Desktop\Tron-Retake\3rdParty\SDL2_image\lib\x86\SDL2_image.dll
  C:\Users\Yannick\Desktop\Tron-Retake\3rdParty\SDL2_image\lib\x86\zlib1.dll
  6 File(s) copied
  C:\Users\Yannick\Desktop\Tron-Retake\3rdParty\SDL2_ttf\lib\x86\libfreetype-6.dll
  C:\Users\Yannick\Desktop\Tron-Retake\3rdParty\SDL2_ttf\lib\x86\SDL2_ttf.dll
  2 File(s) copied
  C:\Users\Yannick\Desktop\Tron-Retake\3rdParty\SDL2_mixer-2.0.4\lib\x86\libFLAC-8.dll
  C:\Users\Yannick\Desktop\Tron-Retake\3rdParty\SDL2_mixer-2.0.4\lib\x86\libmodplug-1.dll
  C:\Users\Yannick\Desktop\Tron-Retake\3rdParty\SDL2_mixer-2.0.4\lib\x86\libmpg123-0.dll
  C:\Users\Yannick\Desktop\Tron-Retake\3rdParty\SDL2_mixer-2.0.4\lib\x86\libogg-0.dll
  C:\Users\Yannick\Desktop\Tron-Retake\3rdParty\SDL2_mixer-2.0.4\lib\x86\libopus-0.dll
  C:\Users\Yannick\Desktop\Tron-Retake\3rdParty\SDL2_mixer-2.0.4\lib\x86\libopusfile-0.dll
  C:\Users\Yannick\Desktop\Tron-Retake\3rdParty\SDL2_mixer-2.0.4\lib\x86\libvorbis-0.dll
  C:\Users\Yannick\Desktop\Tron-Retake\3rdParty\SDL2_mixer-2.0.4\lib\x86\libvorbisfile-3.dll
  C:\Users\Yannick\Desktop\Tron-Retake\3rdParty\SDL2_mixer-2.0.4\lib\x86\SDL2_mixer.dll
  9 File(s) copied
